<?xml version="1.0" encoding="UTF-8"?>
<!-- Generated by org.testng.reporters.JUnitXMLReporter -->
<testsuite ignored="0" hostname="Trayambkay" failures="0" tests="3" name="TestRun2" time="61.752" errors="0" timestamp="2023-09-09T12:23:16 IST">
  <testcase classname="com.project.testscripts.ProjectModule" name="createProject" time="0.001"/>
  <testcase classname="com.project.testscripts.ProjectModule" name="modifyProject" time="0.0">
    <skipped/>
  </testcase> <!-- modifyProject -->
  <testcase classname="com.project.testscripts.ProjectModule" name="deleteProject" time="0.0">
    <skipped/>
  </testcase> <!-- deleteProject -->
</testsuite> <!-- TestRun2 -->
