<?xml version="1.0" encoding="UTF-8"?>
<!-- Generated by org.testng.reporters.JUnitXMLReporter -->
<testsuite ignored="0" hostname="Trayambkay" failures="0" tests="3" name="TestRun3" time="69.435" errors="0" timestamp="2023-09-09T12:23:24 IST">
  <testcase classname="com.project.testscripts.CustomerModule" name="createCustomer" time="0.019"/>
  <testcase classname="com.project.testscripts.CustomerModule" name="modifyCustomer" time="0.005"/>
  <testcase classname="com.project.testscripts.CustomerModule" name="deleteCustomer" time="0.006"/>
</testsuite> <!-- TestRun3 -->
